{"/home/sergio/Documentos/inventory-app/backend/server.js": {"path":"/home/sergio/Documentos/inventory-app/backend/server.js","statementMap":{"0":{"start":{"line":1,"column":16},"end":{"line":1,"column":34}},"1":{"start":{"line":2,"column":17},"end":{"line":2,"column":36}},"2":{"start":{"line":3,"column":13},"end":{"line":3,"column":28}},"3":{"start":{"line":4,"column":15},"end":{"line":4,"column":32}},"4":{"start":{"line":5,"column":0},"end":{"line":5,"column":27}},"5":{"start":{"line":7,"column":12},"end":{"line":7,"column":21}},"6":{"start":{"line":10,"column":0},"end":{"line":10,"column":16}},"7":{"start":{"line":11,"column":0},"end":{"line":11,"column":24}},"8":{"start":{"line":12,"column":0},"end":{"line":12,"column":23}},"9":{"start":{"line":15,"column":0},"end":{"line":15,"column":47}},"10":{"start":{"line":16,"column":0},"end":{"line":16,"column":55}},"11":{"start":{"line":17,"column":0},"end":{"line":17,"column":49}},"12":{"start":{"line":18,"column":0},"end":{"line":18,"column":57}},"13":{"start":{"line":21,"column":0},"end":{"line":24,"column":3}},"14":{"start":{"line":22,"column":2},"end":{"line":22,"column":27}},"15":{"start":{"line":23,"column":2},"end":{"line":23,"column":55}},"16":{"start":{"line":27,"column":0},"end":{"line":31,"column":1}},"17":{"start":{"line":28,"column":2},"end":{"line":30,"column":69}},"18":{"start":{"line":29,"column":16},"end":{"line":29,"column":56}},"19":{"start":{"line":30,"column":18},"end":{"line":30,"column":67}},"20":{"start":{"line":33,"column":0},"end":{"line":33,"column":21}}},"fnMap":{"0":{"name":"(anonymous_0)","decl":{"start":{"line":21,"column":8},"end":{"line":21,"column":9}},"loc":{"start":{"line":21,"column":33},"end":{"line":24,"column":1}},"line":21},"1":{"name":"(anonymous_1)","decl":{"start":{"line":29,"column":10},"end":{"line":29,"column":11}},"loc":{"start":{"line":29,"column":16},"end":{"line":29,"column":56}},"line":29},"2":{"name":"(anonymous_2)","decl":{"start":{"line":30,"column":11},"end":{"line":30,"column":12}},"loc":{"start":{"line":30,"column":18},"end":{"line":30,"column":67}},"line":30}},"branchMap":{"0":{"loc":{"start":{"line":27,"column":0},"end":{"line":31,"column":1}},"type":"if","locations":[{"start":{"line":27,"column":0},"end":{"line":31,"column":1}},{"start":{},"end":{}}],"line":27}},"s":{"0":2,"1":2,"2":2,"3":2,"4":2,"5":2,"6":2,"7":2,"8":2,"9":2,"10":2,"11":2,"12":2,"13":2,"14":0,"15":0,"16":2,"17":0,"18":0,"19":0,"20":2},"f":{"0":0,"1":0,"2":0},"b":{"0":[0,2]},"_coverageSchema":"1a1c01bbd47fc00a2c39e90264f33305004495a9","hash":"31f5f591e2efbfca887f5cfc77232031280de1af"}
,"/home/sergio/Documentos/inventory-app/backend/middleware/auth.js": {"path":"/home/sergio/Documentos/inventory-app/backend/middleware/auth.js","statementMap":{"0":{"start":{"line":1,"column":12},"end":{"line":1,"column":35}},"1":{"start":{"line":3,"column":0},"end":{"line":21,"column":2}},"2":{"start":{"line":4,"column":2},"end":{"line":20,"column":3}},"3":{"start":{"line":7,"column":4},"end":{"line":9,"column":5}},"4":{"start":{"line":8,"column":6},"end":{"line":8,"column":54}},"5":{"start":{"line":11,"column":4},"end":{"line":13,"column":5}},"6":{"start":{"line":12,"column":6},"end":{"line":12,"column":64}},"7":{"start":{"line":15,"column":20},"end":{"line":15,"column":82}},"8":{"start":{"line":16,"column":4},"end":{"line":16,"column":34}},"9":{"start":{"line":17,"column":4},"end":{"line":17,"column":11}},"10":{"start":{"line":19,"column":4},"end":{"line":19,"column":57}}},"fnMap":{"0":{"name":"(anonymous_0)","decl":{"start":{"line":3,"column":18},"end":{"line":3,"column":19}},"loc":{"start":{"line":3,"column":44},"end":{"line":21,"column":1}},"line":3}},"branchMap":{"0":{"loc":{"start":{"line":7,"column":4},"end":{"line":9,"column":5}},"type":"if","locations":[{"start":{"line":7,"column":4},"end":{"line":9,"column":5}},{"start":{},"end":{}}],"line":7},"1":{"loc":{"start":{"line":7,"column":8},"end":{"line":7,"column":83}},"type":"binary-expr","locations":[{"start":{"line":7,"column":8},"end":{"line":7,"column":33}},{"start":{"line":7,"column":37},"end":{"line":7,"column":83}}],"line":7},"2":{"loc":{"start":{"line":11,"column":4},"end":{"line":13,"column":5}},"type":"if","locations":[{"start":{"line":11,"column":4},"end":{"line":13,"column":5}},{"start":{},"end":{}}],"line":11},"3":{"loc":{"start":{"line":15,"column":38},"end":{"line":15,"column":81}},"type":"binary-expr","locations":[{"start":{"line":15,"column":38},"end":{"line":15,"column":60}},{"start":{"line":15,"column":64},"end":{"line":15,"column":81}}],"line":15}},"s":{"0":2,"1":2,"2":0,"3":0,"4":0,"5":0,"6":0,"7":0,"8":0,"9":0,"10":0},"f":{"0":0},"b":{"0":[0,0],"1":[0,0],"2":[0,0],"3":[0,0]},"_coverageSchema":"1a1c01bbd47fc00a2c39e90264f33305004495a9","hash":"29bb4fdf57b0e83995cd378658873dc2ae6b50cc"}
,"/home/sergio/Documentos/inventory-app/backend/models/Movement.js": {"path":"/home/sergio/Documentos/inventory-app/backend/models/Movement.js","statementMap":{"0":{"start":{"line":2,"column":17},"end":{"line":2,"column":36}},"1":{"start":{"line":4,"column":23},"end":{"line":22,"column":2}},"2":{"start":{"line":24,"column":0},"end":{"line":24,"column":60}}},"fnMap":{},"branchMap":{},"s":{"0":2,"1":2,"2":2},"f":{},"b":{},"_coverageSchema":"1a1c01bbd47fc00a2c39e90264f33305004495a9","hash":"389ae6058319dcebf9ab6eec49ef5064b1286e48"}
,"/home/sergio/Documentos/inventory-app/backend/models/Product.js": {"path":"/home/sergio/Documentos/inventory-app/backend/models/Product.js","statementMap":{"0":{"start":{"line":2,"column":17},"end":{"line":2,"column":36}},"1":{"start":{"line":4,"column":22},"end":{"line":24,"column":2}},"2":{"start":{"line":26,"column":0},"end":{"line":26,"column":58}}},"fnMap":{},"branchMap":{},"s":{"0":2,"1":2,"2":2},"f":{},"b":{},"_coverageSchema":"1a1c01bbd47fc00a2c39e90264f33305004495a9","hash":"5016d304dc8f8efc4ce92981b46637dc3f47097f"}
,"/home/sergio/Documentos/inventory-app/backend/models/User.js": {"path":"/home/sergio/Documentos/inventory-app/backend/models/User.js","statementMap":{"0":{"start":{"line":2,"column":17},"end":{"line":2,"column":36}},"1":{"start":{"line":3,"column":15},"end":{"line":3,"column":34}},"2":{"start":{"line":5,"column":19},"end":{"line":34,"column":2}},"3":{"start":{"line":37,"column":0},"end":{"line":47,"column":3}},"4":{"start":{"line":38,"column":2},"end":{"line":38,"column":50}},"5":{"start":{"line":38,"column":36},"end":{"line":38,"column":50}},"6":{"start":{"line":40,"column":2},"end":{"line":46,"column":3}},"7":{"start":{"line":41,"column":17},"end":{"line":41,"column":41}},"8":{"start":{"line":42,"column":4},"end":{"line":42,"column":59}},"9":{"start":{"line":43,"column":4},"end":{"line":43,"column":11}},"10":{"start":{"line":45,"column":4},"end":{"line":45,"column":16}},"11":{"start":{"line":50,"column":0},"end":{"line":56,"column":2}},"12":{"start":{"line":51,"column":2},"end":{"line":55,"column":3}},"13":{"start":{"line":52,"column":4},"end":{"line":52,"column":66}},"14":{"start":{"line":54,"column":4},"end":{"line":54,"column":27}},"15":{"start":{"line":58,"column":0},"end":{"line":58,"column":52}}},"fnMap":{"0":{"name":"(anonymous_0)","decl":{"start":{"line":37,"column":23},"end":{"line":37,"column":24}},"loc":{"start":{"line":37,"column":44},"end":{"line":47,"column":1}},"line":37},"1":{"name":"(anonymous_1)","decl":{"start":{"line":50,"column":37},"end":{"line":50,"column":38}},"loc":{"start":{"line":50,"column":71},"end":{"line":56,"column":1}},"line":50}},"branchMap":{"0":{"loc":{"start":{"line":38,"column":2},"end":{"line":38,"column":50}},"type":"if","locations":[{"start":{"line":38,"column":2},"end":{"line":38,"column":50}},{"start":{},"end":{}}],"line":38}},"s":{"0":2,"1":2,"2":2,"3":2,"4":2,"5":0,"6":2,"7":2,"8":2,"9":2,"10":0,"11":2,"12":0,"13":0,"14":0,"15":2},"f":{"0":2,"1":0},"b":{"0":[0,2]},"_coverageSchema":"1a1c01bbd47fc00a2c39e90264f33305004495a9","hash":"fe854e968b228d3d44e26fa384f952a8baa3bedf"}
,"/home/sergio/Documentos/inventory-app/backend/routes/auth.js": {"path":"/home/sergio/Documentos/inventory-app/backend/routes/auth.js","statementMap":{"0":{"start":{"line":1,"column":16},"end":{"line":1,"column":34}},"1":{"start":{"line":2,"column":15},"end":{"line":2,"column":31}},"2":{"start":{"line":3,"column":15},"end":{"line":3,"column":34}},"3":{"start":{"line":4,"column":12},"end":{"line":4,"column":35}},"4":{"start":{"line":5,"column":13},"end":{"line":5,"column":38}},"5":{"start":{"line":7,"column":0},"end":{"line":36,"column":3}},"6":{"start":{"line":8,"column":2},"end":{"line":35,"column":3}},"7":{"start":{"line":9,"column":42},"end":{"line":9,"column":50}},"8":{"start":{"line":11,"column":15},"end":{"line":11,"column":44}},"9":{"start":{"line":12,"column":4},"end":{"line":14,"column":5}},"10":{"start":{"line":13,"column":6},"end":{"line":13,"column":68}},"11":{"start":{"line":16,"column":4},"end":{"line":16,"column":51}},"12":{"start":{"line":17,"column":4},"end":{"line":17,"column":22}},"13":{"start":{"line":19,"column":18},"end":{"line":23,"column":5}},"14":{"start":{"line":25,"column":4},"end":{"line":32,"column":7}},"15":{"start":{"line":34,"column":4},"end":{"line":34,"column":53}},"16":{"start":{"line":38,"column":0},"end":{"line":69,"column":3}},"17":{"start":{"line":39,"column":2},"end":{"line":68,"column":3}},"18":{"start":{"line":40,"column":32},"end":{"line":40,"column":40}},"19":{"start":{"line":42,"column":17},"end":{"line":42,"column":66}},"20":{"start":{"line":43,"column":4},"end":{"line":45,"column":5}},"21":{"start":{"line":44,"column":6},"end":{"line":44,"column":73}},"22":{"start":{"line":47,"column":20},"end":{"line":47,"column":56}},"23":{"start":{"line":48,"column":4},"end":{"line":50,"column":5}},"24":{"start":{"line":49,"column":6},"end":{"line":49,"column":73}},"25":{"start":{"line":52,"column":18},"end":{"line":56,"column":5}},"26":{"start":{"line":58,"column":4},"end":{"line":65,"column":7}},"27":{"start":{"line":67,"column":4},"end":{"line":67,"column":53}},"28":{"start":{"line":71,"column":0},"end":{"line":71,"column":24}}},"fnMap":{"0":{"name":"(anonymous_0)","decl":{"start":{"line":7,"column":25},"end":{"line":7,"column":26}},"loc":{"start":{"line":7,"column":45},"end":{"line":36,"column":1}},"line":7},"1":{"name":"(anonymous_1)","decl":{"start":{"line":38,"column":22},"end":{"line":38,"column":23}},"loc":{"start":{"line":38,"column":42},"end":{"line":69,"column":1}},"line":38}},"branchMap":{"0":{"loc":{"start":{"line":12,"column":4},"end":{"line":14,"column":5}},"type":"if","locations":[{"start":{"line":12,"column":4},"end":{"line":14,"column":5}},{"start":{},"end":{}}],"line":12},"1":{"loc":{"start":{"line":21,"column":6},"end":{"line":21,"column":49}},"type":"binary-expr","locations":[{"start":{"line":21,"column":6},"end":{"line":21,"column":28}},{"start":{"line":21,"column":32},"end":{"line":21,"column":49}}],"line":21},"2":{"loc":{"start":{"line":43,"column":4},"end":{"line":45,"column":5}},"type":"if","locations":[{"start":{"line":43,"column":4},"end":{"line":45,"column":5}},{"start":{},"end":{}}],"line":43},"3":{"loc":{"start":{"line":48,"column":4},"end":{"line":50,"column":5}},"type":"if","locations":[{"start":{"line":48,"column":4},"end":{"line":50,"column":5}},{"start":{},"end":{}}],"line":48},"4":{"loc":{"start":{"line":54,"column":6},"end":{"line":54,"column":49}},"type":"binary-expr","locations":[{"start":{"line":54,"column":6},"end":{"line":54,"column":28}},{"start":{"line":54,"column":32},"end":{"line":54,"column":49}}],"line":54}},"s":{"0":2,"1":2,"2":2,"3":2,"4":2,"5":2,"6":2,"7":2,"8":2,"9":2,"10":0,"11":2,"12":2,"13":2,"14":2,"15":0,"16":2,"17":0,"18":0,"19":0,"20":0,"21":0,"22":0,"23":0,"24":0,"25":0,"26":0,"27":0,"28":2},"f":{"0":2,"1":0},"b":{"0":[0,2],"1":[2,0],"2":[0,0],"3":[0,0],"4":[0,0]},"_coverageSchema":"1a1c01bbd47fc00a2c39e90264f33305004495a9","hash":"487906718b9fdb0379064ecce227cfba3366dd9c"}
,"/home/sergio/Documentos/inventory-app/backend/routes/movements.js": {"path":"/home/sergio/Documentos/inventory-app/backend/routes/movements.js","statementMap":{"0":{"start":{"line":2,"column":16},"end":{"line":2,"column":34}},"1":{"start":{"line":3,"column":15},"end":{"line":3,"column":31}},"2":{"start":{"line":4,"column":17},"end":{"line":4,"column":46}},"3":{"start":{"line":5,"column":20},"end":{"line":5,"column":49}},"4":{"start":{"line":8,"column":0},"end":{"line":8,"column":20}},"5":{"start":{"line":11,"column":0},"end":{"line":48,"column":3}},"6":{"start":{"line":12,"column":2},"end":{"line":47,"column":3}},"7":{"start":{"line":13,"column":4},"end":{"line":13,"column":47}},"8":{"start":{"line":15,"column":22},"end":{"line":18,"column":25}},"9":{"start":{"line":20,"column":31},"end":{"line":37,"column":6}},"10":{"start":{"line":22,"column":24},"end":{"line":22,"column":74}},"11":{"start":{"line":23,"column":26},"end":{"line":23,"column":93}},"12":{"start":{"line":24,"column":21},"end":{"line":24,"column":65}},"13":{"start":{"line":25,"column":23},"end":{"line":25,"column":89}},"14":{"start":{"line":27,"column":6},"end":{"line":36,"column":8}},"15":{"start":{"line":39,"column":4},"end":{"line":39,"column":68}},"16":{"start":{"line":40,"column":4},"end":{"line":40,"column":33}},"17":{"start":{"line":42,"column":4},"end":{"line":42,"column":53}},"18":{"start":{"line":43,"column":4},"end":{"line":46,"column":7}},"19":{"start":{"line":51,"column":0},"end":{"line":74,"column":3}},"20":{"start":{"line":52,"column":2},"end":{"line":73,"column":3}},"21":{"start":{"line":53,"column":22},"end":{"line":56,"column":25}},"22":{"start":{"line":58,"column":31},"end":{"line":67,"column":7}},"23":{"start":{"line":58,"column":58},"end":{"line":67,"column":5}},"24":{"start":{"line":69,"column":4},"end":{"line":69,"column":33}},"25":{"start":{"line":71,"column":4},"end":{"line":71,"column":61}},"26":{"start":{"line":72,"column":4},"end":{"line":72,"column":53}},"27":{"start":{"line":77,"column":0},"end":{"line":100,"column":3}},"28":{"start":{"line":78,"column":2},"end":{"line":99,"column":3}},"29":{"start":{"line":79,"column":22},"end":{"line":82,"column":25}},"30":{"start":{"line":84,"column":31},"end":{"line":93,"column":7}},"31":{"start":{"line":84,"column":58},"end":{"line":93,"column":5}},"32":{"start":{"line":95,"column":4},"end":{"line":95,"column":33}},"33":{"start":{"line":97,"column":4},"end":{"line":97,"column":56}},"34":{"start":{"line":98,"column":4},"end":{"line":98,"column":53}},"35":{"start":{"line":102,"column":0},"end":{"line":102,"column":24}}},"fnMap":{"0":{"name":"(anonymous_0)","decl":{"start":{"line":11,"column":16},"end":{"line":11,"column":17}},"loc":{"start":{"line":11,"column":36},"end":{"line":48,"column":1}},"line":11},"1":{"name":"(anonymous_1)","decl":{"start":{"line":20,"column":45},"end":{"line":20,"column":46}},"loc":{"start":{"line":20,"column":57},"end":{"line":37,"column":5}},"line":20},"2":{"name":"(anonymous_2)","decl":{"start":{"line":51,"column":34},"end":{"line":51,"column":35}},"loc":{"start":{"line":51,"column":54},"end":{"line":74,"column":1}},"line":51},"3":{"name":"(anonymous_3)","decl":{"start":{"line":58,"column":45},"end":{"line":58,"column":46}},"loc":{"start":{"line":58,"column":58},"end":{"line":67,"column":5}},"line":58},"4":{"name":"(anonymous_4)","decl":{"start":{"line":77,"column":28},"end":{"line":77,"column":29}},"loc":{"start":{"line":77,"column":48},"end":{"line":100,"column":1}},"line":77},"5":{"name":"(anonymous_5)","decl":{"start":{"line":84,"column":45},"end":{"line":84,"column":46}},"loc":{"start":{"line":84,"column":58},"end":{"line":93,"column":5}},"line":84}},"branchMap":{"0":{"loc":{"start":{"line":22,"column":24},"end":{"line":22,"column":74}},"type":"cond-expr","locations":[{"start":{"line":22,"column":45},"end":{"line":22,"column":67}},{"start":{"line":22,"column":70},"end":{"line":22,"column":74}}],"line":22},"1":{"loc":{"start":{"line":23,"column":26},"end":{"line":23,"column":93}},"type":"cond-expr","locations":[{"start":{"line":23,"column":47},"end":{"line":23,"column":70}},{"start":{"line":23,"column":73},"end":{"line":23,"column":93}}],"line":23},"2":{"loc":{"start":{"line":24,"column":21},"end":{"line":24,"column":65}},"type":"cond-expr","locations":[{"start":{"line":24,"column":39},"end":{"line":24,"column":58}},{"start":{"line":24,"column":61},"end":{"line":24,"column":65}}],"line":24},"3":{"loc":{"start":{"line":25,"column":23},"end":{"line":25,"column":89}},"type":"cond-expr","locations":[{"start":{"line":25,"column":41},"end":{"line":25,"column":65}},{"start":{"line":25,"column":68},"end":{"line":25,"column":89}}],"line":25},"4":{"loc":{"start":{"line":60,"column":17},"end":{"line":60,"column":48}},"type":"binary-expr","locations":[{"start":{"line":60,"column":17},"end":{"line":60,"column":40}},{"start":{"line":60,"column":44},"end":{"line":60,"column":48}}],"line":60},"5":{"loc":{"start":{"line":61,"column":19},"end":{"line":61,"column":67}},"type":"binary-expr","locations":[{"start":{"line":61,"column":19},"end":{"line":61,"column":43}},{"start":{"line":61,"column":47},"end":{"line":61,"column":67}}],"line":61},"6":{"loc":{"start":{"line":62,"column":14},"end":{"line":62,"column":42}},"type":"binary-expr","locations":[{"start":{"line":62,"column":14},"end":{"line":62,"column":34}},{"start":{"line":62,"column":38},"end":{"line":62,"column":42}}],"line":62},"7":{"loc":{"start":{"line":63,"column":16},"end":{"line":63,"column":66}},"type":"binary-expr","locations":[{"start":{"line":63,"column":16},"end":{"line":63,"column":41}},{"start":{"line":63,"column":45},"end":{"line":63,"column":66}}],"line":63},"8":{"loc":{"start":{"line":86,"column":17},"end":{"line":86,"column":48}},"type":"binary-expr","locations":[{"start":{"line":86,"column":17},"end":{"line":86,"column":40}},{"start":{"line":86,"column":44},"end":{"line":86,"column":48}}],"line":86},"9":{"loc":{"start":{"line":87,"column":19},"end":{"line":87,"column":67}},"type":"binary-expr","locations":[{"start":{"line":87,"column":19},"end":{"line":87,"column":43}},{"start":{"line":87,"column":47},"end":{"line":87,"column":67}}],"line":87},"10":{"loc":{"start":{"line":88,"column":14},"end":{"line":88,"column":42}},"type":"binary-expr","locations":[{"start":{"line":88,"column":14},"end":{"line":88,"column":34}},{"start":{"line":88,"column":38},"end":{"line":88,"column":42}}],"line":88},"11":{"loc":{"start":{"line":89,"column":16},"end":{"line":89,"column":66}},"type":"binary-expr","locations":[{"start":{"line":89,"column":16},"end":{"line":89,"column":41}},{"start":{"line":89,"column":45},"end":{"line":89,"column":66}}],"line":89}},"s":{"0":2,"1":2,"2":2,"3":2,"4":2,"5":2,"6":0,"7":0,"8":0,"9":0,"10":0,"11":0,"12":0,"13":0,"14":0,"15":0,"16":0,"17":0,"18":0,"19":2,"20":0,"21":0,"22":0,"23":0,"24":0,"25":0,"26":0,"27":2,"28":0,"29":0,"30":0,"31":0,"32":0,"33":0,"34":0,"35":2},"f":{"0":0,"1":0,"2":0,"3":0,"4":0,"5":0},"b":{"0":[0,0],"1":[0,0],"2":[0,0],"3":[0,0],"4":[0,0],"5":[0,0],"6":[0,0],"7":[0,0],"8":[0,0],"9":[0,0],"10":[0,0],"11":[0,0]},"_coverageSchema":"1a1c01bbd47fc00a2c39e90264f33305004495a9","hash":"69cb73202b188c1106faa7db71d450834b12a9eb"}
,"/home/sergio/Documentos/inventory-app/backend/routes/products.js": {"path":"/home/sergio/Documentos/inventory-app/backend/routes/products.js","statementMap":{"0":{"start":{"line":1,"column":16},"end":{"line":1,"column":34}},"1":{"start":{"line":2,"column":15},"end":{"line":2,"column":31}},"2":{"start":{"line":3,"column":16},"end":{"line":3,"column":44}},"3":{"start":{"line":6,"column":0},"end":{"line":13,"column":3}},"4":{"start":{"line":7,"column":2},"end":{"line":12,"column":3}},"5":{"start":{"line":8,"column":21},"end":{"line":8,"column":41}},"6":{"start":{"line":9,"column":4},"end":{"line":9,"column":23}},"7":{"start":{"line":11,"column":4},"end":{"line":11,"column":53}},"8":{"start":{"line":16,"column":0},"end":{"line":24,"column":3}},"9":{"start":{"line":17,"column":2},"end":{"line":23,"column":3}},"10":{"start":{"line":18,"column":20},"end":{"line":18,"column":41}},"11":{"start":{"line":19,"column":25},"end":{"line":19,"column":45}},"12":{"start":{"line":20,"column":4},"end":{"line":20,"column":39}},"13":{"start":{"line":22,"column":4},"end":{"line":22,"column":53}},"14":{"start":{"line":27,"column":0},"end":{"line":38,"column":3}},"15":{"start":{"line":28,"column":2},"end":{"line":37,"column":3}},"16":{"start":{"line":29,"column":27},"end":{"line":33,"column":5}},"17":{"start":{"line":34,"column":4},"end":{"line":34,"column":29}},"18":{"start":{"line":36,"column":4},"end":{"line":36,"column":53}},"19":{"start":{"line":41,"column":0},"end":{"line":48,"column":3}},"20":{"start":{"line":42,"column":2},"end":{"line":47,"column":3}},"21":{"start":{"line":43,"column":4},"end":{"line":43,"column":51}},"22":{"start":{"line":44,"column":4},"end":{"line":44,"column":48}},"23":{"start":{"line":46,"column":4},"end":{"line":46,"column":53}},"24":{"start":{"line":50,"column":0},"end":{"line":50,"column":24}}},"fnMap":{"0":{"name":"(anonymous_0)","decl":{"start":{"line":6,"column":16},"end":{"line":6,"column":17}},"loc":{"start":{"line":6,"column":36},"end":{"line":13,"column":1}},"line":6},"1":{"name":"(anonymous_1)","decl":{"start":{"line":16,"column":17},"end":{"line":16,"column":18}},"loc":{"start":{"line":16,"column":37},"end":{"line":24,"column":1}},"line":16},"2":{"name":"(anonymous_2)","decl":{"start":{"line":27,"column":19},"end":{"line":27,"column":20}},"loc":{"start":{"line":27,"column":39},"end":{"line":38,"column":1}},"line":27},"3":{"name":"(anonymous_3)","decl":{"start":{"line":41,"column":22},"end":{"line":41,"column":23}},"loc":{"start":{"line":41,"column":42},"end":{"line":48,"column":1}},"line":41}},"branchMap":{},"s":{"0":2,"1":2,"2":2,"3":2,"4":1,"5":1,"6":1,"7":0,"8":2,"9":1,"10":1,"11":1,"12":1,"13":0,"14":2,"15":0,"16":0,"17":0,"18":0,"19":2,"20":0,"21":0,"22":0,"23":0,"24":2},"f":{"0":1,"1":1,"2":0,"3":0},"b":{},"_coverageSchema":"1a1c01bbd47fc00a2c39e90264f33305004495a9","hash":"e53294d51dd056ae21f5d60300dbd2f44ad0cff8"}
,"/home/sergio/Documentos/inventory-app/backend/routes/stock.js": {"path":"/home/sergio/Documentos/inventory-app/backend/routes/stock.js","statementMap":{"0":{"start":{"line":1,"column":16},"end":{"line":1,"column":34}},"1":{"start":{"line":2,"column":15},"end":{"line":2,"column":31}},"2":{"start":{"line":3,"column":16},"end":{"line":3,"column":44}},"3":{"start":{"line":4,"column":17},"end":{"line":4,"column":46}},"4":{"start":{"line":5,"column":20},"end":{"line":5,"column":49}},"5":{"start":{"line":8,"column":0},"end":{"line":45,"column":3}},"6":{"start":{"line":9,"column":4},"end":{"line":44,"column":5}},"7":{"start":{"line":10,"column":46},"end":{"line":10,"column":54}},"8":{"start":{"line":13,"column":24},"end":{"line":13,"column":57}},"9":{"start":{"line":14,"column":8},"end":{"line":16,"column":9}},"10":{"start":{"line":15,"column":12},"end":{"line":15,"column":79}},"11":{"start":{"line":19,"column":25},"end":{"line":21,"column":46}},"12":{"start":{"line":24,"column":8},"end":{"line":26,"column":9}},"13":{"start":{"line":25,"column":12},"end":{"line":25,"column":75}},"14":{"start":{"line":29,"column":8},"end":{"line":29,"column":33}},"15":{"start":{"line":30,"column":8},"end":{"line":30,"column":29}},"16":{"start":{"line":33,"column":25},"end":{"line":37,"column":10}},"17":{"start":{"line":38,"column":8},"end":{"line":38,"column":30}},"18":{"start":{"line":40,"column":8},"end":{"line":40,"column":52}},"19":{"start":{"line":42,"column":8},"end":{"line":42,"column":55}},"20":{"start":{"line":43,"column":8},"end":{"line":43,"column":57}},"21":{"start":{"line":47,"column":0},"end":{"line":47,"column":24}}},"fnMap":{"0":{"name":"(anonymous_0)","decl":{"start":{"line":8,"column":32},"end":{"line":8,"column":33}},"loc":{"start":{"line":8,"column":52},"end":{"line":45,"column":1}},"line":8}},"branchMap":{"0":{"loc":{"start":{"line":14,"column":8},"end":{"line":16,"column":9}},"type":"if","locations":[{"start":{"line":14,"column":8},"end":{"line":16,"column":9}},{"start":{},"end":{}}],"line":14},"1":{"loc":{"start":{"line":19,"column":25},"end":{"line":21,"column":46}},"type":"cond-expr","locations":[{"start":{"line":20,"column":14},"end":{"line":20,"column":46}},{"start":{"line":21,"column":14},"end":{"line":21,"column":46}}],"line":19},"2":{"loc":{"start":{"line":24,"column":8},"end":{"line":26,"column":9}},"type":"if","locations":[{"start":{"line":24,"column":8},"end":{"line":26,"column":9}},{"start":{},"end":{}}],"line":24},"3":{"loc":{"start":{"line":24,"column":12},"end":{"line":24,"column":45}},"type":"binary-expr","locations":[{"start":{"line":24,"column":12},"end":{"line":24,"column":29}},{"start":{"line":24,"column":33},"end":{"line":24,"column":45}}],"line":24}},"s":{"0":2,"1":2,"2":2,"3":2,"4":2,"5":2,"6":0,"7":0,"8":0,"9":0,"10":0,"11":0,"12":0,"13":0,"14":0,"15":0,"16":0,"17":0,"18":0,"19":0,"20":0,"21":2},"f":{"0":0},"b":{"0":[0,0],"1":[0,0],"2":[0,0],"3":[0,0]},"_coverageSchema":"1a1c01bbd47fc00a2c39e90264f33305004495a9","hash":"3e1b0643d0812bff839893a5dd4d4f24ffb880ef"}
}
