TN:
SF:server.js
FN:21,(anonymous_0)
FN:29,(anonymous_1)
FN:30,(anonymous_2)
FNF:3
FNH:0
FNDA:0,(anonymous_0)
FNDA:0,(anonymous_1)
FNDA:0,(anonymous_2)
DA:1,2
DA:2,2
DA:3,2
DA:4,2
DA:5,2
DA:7,2
DA:10,2
DA:11,2
DA:12,2
DA:15,2
DA:16,2
DA:17,2
DA:18,2
DA:21,2
DA:22,0
DA:23,0
DA:27,2
DA:28,0
DA:29,0
DA:30,0
DA:33,2
LF:21
LH:16
BRDA:27,0,0,0
BRDA:27,0,1,2
BRF:2
BRH:1
end_of_record
TN:
SF:middleware/auth.js
FN:3,(anonymous_0)
FNF:1
FNH:0
FNDA:0,(anonymous_0)
DA:1,2
DA:3,2
DA:4,0
DA:7,0
DA:8,0
DA:11,0
DA:12,0
DA:15,0
DA:16,0
DA:17,0
DA:19,0
LF:11
LH:2
BRDA:7,0,0,0
BRDA:7,0,1,0
BRDA:7,1,0,0
BRDA:7,1,1,0
BRDA:11,2,0,0
BRDA:11,2,1,0
BRDA:15,3,0,0
BRDA:15,3,1,0
BRF:8
BRH:0
end_of_record
TN:
SF:models/Movement.js
FNF:0
FNH:0
DA:2,2
DA:4,2
DA:24,2
LF:3
LH:3
BRF:0
BRH:0
end_of_record
TN:
SF:models/Product.js
FNF:0
FNH:0
DA:2,2
DA:4,2
DA:26,2
LF:3
LH:3
BRF:0
BRH:0
end_of_record
TN:
SF:models/User.js
FN:37,(anonymous_0)
FN:50,(anonymous_1)
FNF:2
FNH:1
FNDA:2,(anonymous_0)
FNDA:0,(anonymous_1)
DA:2,2
DA:3,2
DA:5,2
DA:37,2
DA:38,2
DA:40,2
DA:41,2
DA:42,2
DA:43,2
DA:45,0
DA:50,2
DA:51,0
DA:52,0
DA:54,0
DA:58,2
LF:15
LH:11
BRDA:38,0,0,0
BRDA:38,0,1,2
BRF:2
BRH:1
end_of_record
TN:
SF:routes/auth.js
FN:7,(anonymous_0)
FN:38,(anonymous_1)
FNF:2
FNH:1
FNDA:2,(anonymous_0)
FNDA:0,(anonymous_1)
DA:1,2
DA:2,2
DA:3,2
DA:4,2
DA:5,2
DA:7,2
DA:8,2
DA:9,2
DA:11,2
DA:12,2
DA:13,0
DA:16,2
DA:17,2
DA:19,2
DA:25,2
DA:34,0
DA:38,2
DA:39,0
DA:40,0
DA:42,0
DA:43,0
DA:44,0
DA:47,0
DA:48,0
DA:49,0
DA:52,0
DA:58,0
DA:67,0
DA:71,2
LF:29
LH:16
BRDA:12,0,0,0
BRDA:12,0,1,2
BRDA:21,1,0,2
BRDA:21,1,1,0
BRDA:43,2,0,0
BRDA:43,2,1,0
BRDA:48,3,0,0
BRDA:48,3,1,0
BRDA:54,4,0,0
BRDA:54,4,1,0
BRF:10
BRH:2
end_of_record
TN:
SF:routes/movements.js
FN:11,(anonymous_0)
FN:20,(anonymous_1)
FN:51,(anonymous_2)
FN:58,(anonymous_3)
FN:77,(anonymous_4)
FN:84,(anonymous_5)
FNF:6
FNH:0
FNDA:0,(anonymous_0)
FNDA:0,(anonymous_1)
FNDA:0,(anonymous_2)
FNDA:0,(anonymous_3)
FNDA:0,(anonymous_4)
FNDA:0,(anonymous_5)
DA:2,2
DA:3,2
DA:4,2
DA:5,2
DA:8,2
DA:11,2
DA:12,0
DA:13,0
DA:15,0
DA:20,0
DA:22,0
DA:23,0
DA:24,0
DA:25,0
DA:27,0
DA:39,0
DA:40,0
DA:42,0
DA:43,0
DA:51,2
DA:52,0
DA:53,0
DA:58,0
DA:69,0
DA:71,0
DA:72,0
DA:77,2
DA:78,0
DA:79,0
DA:84,0
DA:95,0
DA:97,0
DA:98,0
DA:102,2
LF:34
LH:9
BRDA:22,0,0,0
BRDA:22,0,1,0
BRDA:23,1,0,0
BRDA:23,1,1,0
BRDA:24,2,0,0
BRDA:24,2,1,0
BRDA:25,3,0,0
BRDA:25,3,1,0
BRDA:60,4,0,0
BRDA:60,4,1,0
BRDA:61,5,0,0
BRDA:61,5,1,0
BRDA:62,6,0,0
BRDA:62,6,1,0
BRDA:63,7,0,0
BRDA:63,7,1,0
BRDA:86,8,0,0
BRDA:86,8,1,0
BRDA:87,9,0,0
BRDA:87,9,1,0
BRDA:88,10,0,0
BRDA:88,10,1,0
BRDA:89,11,0,0
BRDA:89,11,1,0
BRF:24
BRH:0
end_of_record
TN:
SF:routes/products.js
FN:6,(anonymous_0)
FN:16,(anonymous_1)
FN:27,(anonymous_2)
FN:41,(anonymous_3)
FNF:4
FNH:2
FNDA:1,(anonymous_0)
FNDA:1,(anonymous_1)
FNDA:0,(anonymous_2)
FNDA:0,(anonymous_3)
DA:1,2
DA:2,2
DA:3,2
DA:6,2
DA:7,1
DA:8,1
DA:9,1
DA:11,0
DA:16,2
DA:17,1
DA:18,1
DA:19,1
DA:20,1
DA:22,0
DA:27,2
DA:28,0
DA:29,0
DA:34,0
DA:36,0
DA:41,2
DA:42,0
DA:43,0
DA:44,0
DA:46,0
DA:50,2
LF:25
LH:15
BRF:0
BRH:0
end_of_record
TN:
SF:routes/stock.js
FN:8,(anonymous_0)
FNF:1
FNH:0
FNDA:0,(anonymous_0)
DA:1,2
DA:2,2
DA:3,2
DA:4,2
DA:5,2
DA:8,2
DA:9,0
DA:10,0
DA:13,0
DA:14,0
DA:15,0
DA:19,0
DA:24,0
DA:25,0
DA:29,0
DA:30,0
DA:33,0
DA:38,0
DA:40,0
DA:42,0
DA:43,0
DA:47,2
LF:22
LH:7
BRDA:14,0,0,0
BRDA:14,0,1,0
BRDA:19,1,0,0
BRDA:19,1,1,0
BRDA:24,2,0,0
BRDA:24,2,1,0
BRDA:24,3,0,0
BRDA:24,3,1,0
BRF:8
BRH:0
end_of_record
